[2026-07-15T02:55:17.177+0000] {manager.py:483} INFO - Processing files using up to 2 processes at a time 
[2026-07-15T02:55:17.178+0000] {manager.py:484} INFO - Process each file at most once every 30 seconds
[2026-07-15T02:55:17.179+0000] {manager.py:485} INFO - Checking for new files in /opt/airflow/dags every 300 seconds
[2026-07-15T02:55:17.180+0000] {manager.py:821} INFO - Searching for files in /opt/airflow/dags
[2026-07-15T02:55:17.184+0000] {manager.py:824} INFO - There are 0 files in /opt/airflow/dags
[2026-07-15T03:00:17.968+0000] {manager.py:821} INFO - Searching for files in /opt/airflow/dags
[2026-07-15T03:00:17.970+0000] {manager.py:824} INFO - There are 0 files in /opt/airflow/dags
[2026-07-15T03:05:18.793+0000] {manager.py:821} INFO - Searching for files in /opt/airflow/dags
[2026-07-15T03:05:18.796+0000] {manager.py:824} INFO - There are 0 files in /opt/airflow/dags
[2026-07-15T03:10:19.682+0000] {manager.py:821} INFO - Searching for files in /opt/airflow/dags
[2026-07-15T03:10:19.695+0000] {manager.py:824} INFO - There are 0 files in /opt/airflow/dags
[2026-07-15T03:15:20.580+0000] {manager.py:821} INFO - Searching for files in /opt/airflow/dags
[2026-07-15T03:15:20.581+0000] {manager.py:824} INFO - There are 0 files in /opt/airflow/dags
[2026-07-15T03:20:21.554+0000] {manager.py:821} INFO - Searching for files in /opt/airflow/dags
[2026-07-15T03:20:21.555+0000] {manager.py:824} INFO - There are 0 files in /opt/airflow/dags
[2026-07-15T03:40:12.078+0000] {manager.py:483} INFO - Processing files using up to 2 processes at a time 
[2026-07-15T03:40:12.079+0000] {manager.py:484} INFO - Process each file at most once every 30 seconds
[2026-07-15T03:40:12.081+0000] {manager.py:485} INFO - Checking for new files in /opt/airflow/dags every 300 seconds
[2026-07-15T03:40:12.082+0000] {manager.py:821} INFO - Searching for files in /opt/airflow/dags
[2026-07-15T03:40:12.086+0000] {manager.py:824} INFO - There are 0 files in /opt/airflow/dags
[2026-07-15T03:43:22.071+0000] {manager.py:465} INFO - Exiting gracefully upon receiving signal 15
[2026-07-15T03:44:34.472+0000] {manager.py:483} INFO - Processing files using up to 2 processes at a time 
[2026-07-15T03:44:34.474+0000] {manager.py:484} INFO - Process each file at most once every 30 seconds
[2026-07-15T03:44:34.474+0000] {manager.py:485} INFO - Checking for new files in /opt/airflow/dags every 300 seconds
[2026-07-15T03:44:34.475+0000] {manager.py:821} INFO - Searching for files in /opt/airflow/dags
[2026-07-15T03:44:34.479+0000] {manager.py:824} INFO - There are 0 files in /opt/airflow/dags
[2026-07-15T03:49:34.641+0000] {manager.py:821} INFO - Searching for files in /opt/airflow/dags
[2026-07-15T03:49:34.644+0000] {manager.py:824} INFO - There are 0 files in /opt/airflow/dags
